<html>
<body>
<pre>
<h1>µVision Build Log</h1>
<h2>Project:</h2>
E:\Junior\Spring 2022\Embedded Systems\microwave_project1\project.uvproj
Project File Date:  05/22/2022

<h2>Output:</h2>
Rebuild target 'Target 1'
assembling startup_TM4C123.s...
compiling keypad.c...
lcd.h(17): warning:  #1295-D: Deprecated declaration Ports_Init - give arg types
        void Ports_Init ();
lcd.h(18): warning:  #1295-D: Deprecated declaration delay_micro - give arg types
        void delay_micro();
lcd.h(21): warning:  #1295-D: Deprecated declaration intialisation_timer - give arg types
        void intialisation_timer();
lcd.h(22): warning:  #1295-D: Deprecated declaration interupt_init - give arg types
        void interupt_init();
lcd.h(23): warning:  #1295-D: Deprecated declaration init_lcd - give arg types
        void init_lcd();
keypad.c: 5 warnings, 0 errors
compiling delay.c...
compiling lcd.c...
lcd.h(17): warning:  #1295-D: Deprecated declaration Ports_Init - give arg types
        void Ports_Init ();
lcd.h(18): warning:  #1295-D: Deprecated declaration delay_micro - give arg types
        void delay_micro();
lcd.h(21): warning:  #1295-D: Deprecated declaration intialisation_timer - give arg types
        void intialisation_timer();
lcd.h(22): warning:  #1295-D: Deprecated declaration interupt_init - give arg types
        void interupt_init();
lcd.h(23): warning:  #1295-D: Deprecated declaration init_lcd - give arg types
        void init_lcd();
lcd.c: 5 warnings, 0 errors
compiling state.c...
lcd.h(17): warning:  #1295-D: Deprecated declaration Ports_Init - give arg types
        void Ports_Init ();
lcd.h(18): warning:  #1295-D: Deprecated declaration delay_micro - give arg types
        void delay_micro();
lcd.h(21): warning:  #1295-D: Deprecated declaration intialisation_timer - give arg types
        void intialisation_timer();
lcd.h(22): warning:  #1295-D: Deprecated declaration interupt_init - give arg types
        void interupt_init();
lcd.h(23): warning:  #1295-D: Deprecated declaration init_lcd - give arg types
        void init_lcd();
state.h(2): warning:  #1295-D: Deprecated declaration Enter_Kilos - give arg types
  void Enter_Kilos();
state.c(10): warning:  #260-D: explicit type is missing ("int" assumed)
  extern num, interpart;
state.c(10): warning:  #260-D: explicit type is missing ("int" assumed)
  extern num, interpart;
state.c(64): error:  #20: identifier "g" is undefined
                                for(g=0;g<4;g++)
state.c(173): error:  #20: identifier "decpart" is undefined
       decpart = num - interpart;       /*for separating of the decimal part from the integer part*/ 
state.c(174): error:  #20: identifier "sec" is undefined
       sec = (int)(decpart*60);                 /*converting the decimal part into seconds*/
state.c(187): warning:  #223-D: function "main" declared implicitly
                                main();
state.c(223): warning:  #223-D: function "main" declared implicitly
                        main();
state.c(226): error: At end of source:  #67: expected a "}"
state.c: 10 warnings, 4 errors
compiling main.c...
lcd.h(17): warning:  #1295-D: Deprecated declaration Ports_Init - give arg types
        void Ports_Init ();
lcd.h(18): warning:  #1295-D: Deprecated declaration delay_micro - give arg types
        void delay_micro();
lcd.h(21): warning:  #1295-D: Deprecated declaration intialisation_timer - give arg types
        void intialisation_timer();
lcd.h(22): warning:  #1295-D: Deprecated declaration interupt_init - give arg types
        void interupt_init();
lcd.h(23): warning:  #1295-D: Deprecated declaration init_lcd - give arg types
        void init_lcd();
main.c(51): warning:  #223-D: function "keypad_getkey" declared implicitly
        input[0] = keypad_getkey();
main.c(58): warning:  #223-D: function "cooking" declared implicitly
                cooking();
main.c(70): warning:  #223-D: function "Enter_Kilos" declared implicitly
                  Enter_Kilos();
main.c(71): warning:  #223-D: function "cooking" declared implicitly
                        cooking();
main.c: 9 warnings, 0 errors
".\project.axf" - 4 Error(s), 29 Warning(s).
Target not created
